build/app/intermediates/manifest_merge_blame_file/debug/manifest-merger-blame-debug-report.txt
1<?xml version="1.0" encoding="utf-8"?>
2<manifest xmlns:android="http://schemas.android.com/apk/res/android"
3    package="com.example.blind_companion"
4    android:versionCode="1"
5    android:versionName="1.0.0" >
6
7    <uses-sdk
8        android:minSdkVersion="21"
9        android:targetSdkVersion="33" />
10    <!--
11         The INTERNET permission is required for development. Specifically,
12         the Flutter tool needs it to communicate with the running application
13         to allow setting breakpoints, to provide hot reload, etc.
14    -->
15    <uses-permission android:name="android.permission.INTERNET" />
15-->src\debug\AndroidManifest.xml:6:5-66
15-->src\debug\AndroidManifest.xml:6:22-64
16
17    <queries>
17-->src\main\AndroidManifest.xml:2:1-6:11
18        <intent>
18-->src\main\AndroidManifest.xml:3:5-5:14
19            <action android:name="android.intent.action.TTS_SERVICE" />
19-->src\main\AndroidManifest.xml:4:9-68
19-->src\main\AndroidManifest.xml:4:17-65
20        </intent>
21
22        <package android:name="com.google.android.apps.maps" />
22-->[:map_launcher] AndroidManifest.xml:10:9-64
22-->[:map_launcher] AndroidManifest.xml:10:18-61
23        <package android:name="com.google.android.apps.mapslite" />
23-->[:map_launcher] AndroidManifest.xml:11:9-68
23-->[:map_launcher] AndroidManifest.xml:11:18-65
24        <package android:name="com.autonavi.minimap" />
24-->[:map_launcher] AndroidManifest.xml:12:9-56
24-->[:map_launcher] AndroidManifest.xml:12:18-53
25        <package android:name="com.baidu.BaiduMap" />
25-->[:map_launcher] AndroidManifest.xml:13:9-54
25-->[:map_launcher] AndroidManifest.xml:13:18-51
26        <package android:name="com.waze" />
26-->[:map_launcher] AndroidManifest.xml:14:9-44
26-->[:map_launcher] AndroidManifest.xml:14:18-41
27        <package android:name="ru.yandex.yandexnavi" />
27-->[:map_launcher] AndroidManifest.xml:15:9-56
27-->[:map_launcher] AndroidManifest.xml:15:18-53
28        <package android:name="ru.yandex.yandexmaps" />
28-->[:map_launcher] AndroidManifest.xml:16:9-56
28-->[:map_launcher] AndroidManifest.xml:16:18-53
29        <package android:name="com.citymapper.app.release" />
29-->[:map_launcher] AndroidManifest.xml:17:9-62
29-->[:map_launcher] AndroidManifest.xml:17:18-59
30        <package android:name="com.mapswithme.maps.pro" />
30-->[:map_launcher] AndroidManifest.xml:18:9-59
30-->[:map_launcher] AndroidManifest.xml:18:18-56
31        <package android:name="net.osmand" />
31-->[:map_launcher] AndroidManifest.xml:19:9-46
31-->[:map_launcher] AndroidManifest.xml:19:18-43
32        <package android:name="net.osmand.plus" />
32-->[:map_launcher] AndroidManifest.xml:20:9-51
32-->[:map_launcher] AndroidManifest.xml:20:18-48
33        <package android:name="ru.dublgis.dgismobile" />
33-->[:map_launcher] AndroidManifest.xml:21:9-57
33-->[:map_launcher] AndroidManifest.xml:21:18-54
34        <package android:name="com.tencent.map" />
34-->[:map_launcher] AndroidManifest.xml:22:9-51
34-->[:map_launcher] AndroidManifest.xml:22:18-48
35        <package android:name="com.here.app.maps" />
35-->[:map_launcher] AndroidManifest.xml:23:9-53
35-->[:map_launcher] AndroidManifest.xml:23:18-50
36        <package android:name="com.huawei.maps.app" />
36-->[:map_launcher] AndroidManifest.xml:24:9-55
36-->[:map_launcher] AndroidManifest.xml:24:18-52
37    </queries> <!-- Permissions -->
38    <uses-permission android:name="android.permission.ACCESS_COARSE_LOCATION" />
38-->src\main\AndroidManifest.xml:42:5-80
38-->src\main\AndroidManifest.xml:42:22-78
39    <uses-permission android:name="android.permission.ACCESS_FINE_LOCATION" />
39-->src\main\AndroidManifest.xml:43:5-78
39-->src\main\AndroidManifest.xml:43:22-76
40    <uses-permission android:name="android.permission.ACCESS_BACKGROUND_LOCATION" />
40-->src\main\AndroidManifest.xml:44:5-84
40-->src\main\AndroidManifest.xml:44:22-82
41    <uses-permission android:name="android.permission.FOREGROUND_SERVICE" />
41-->[:geolocator_android] AndroidManifest.xml:9:5-77
41-->[:geolocator_android] AndroidManifest.xml:9:22-74
42    <uses-permission android:name="android.permission.CAMERA" />
42-->[:camera_android] AndroidManifest.xml:9:5-65
42-->[:camera_android] AndroidManifest.xml:9:22-62
43    <uses-permission android:name="android.permission.RECORD_AUDIO" /> <!-- Include required permissions for Google Maps API to run. -->
43-->[:camera_android] AndroidManifest.xml:10:5-71
43-->[:camera_android] AndroidManifest.xml:10:22-68
44    <uses-permission android:name="android.permission.ACCESS_NETWORK_STATE" />
44-->[com.google.android.gms:play-services-maps:18.1.0] AndroidManifest.xml:23:5-79
44-->[com.google.android.gms:play-services-maps:18.1.0] AndroidManifest.xml:23:22-76
45
46    <uses-feature
46-->[com.google.android.gms:play-services-maps:18.1.0] AndroidManifest.xml:26:5-28:35
47        android:glEsVersion="0x00020000"
47-->[com.google.android.gms:play-services-maps:18.1.0] AndroidManifest.xml:27:9-41
48        android:required="true" />
48-->[com.google.android.gms:play-services-maps:18.1.0] AndroidManifest.xml:28:9-32
49
50    <permission
50-->[androidx.core:core:1.9.0] AndroidManifest.xml:22:5-24:47
51        android:name="com.example.blind_companion.DYNAMIC_RECEIVER_NOT_EXPORTED_PERMISSION"
51-->[androidx.core:core:1.9.0] AndroidManifest.xml:23:9-81
52        android:protectionLevel="signature" />
52-->[androidx.core:core:1.9.0] AndroidManifest.xml:24:9-44
53
54    <uses-permission android:name="com.example.blind_companion.DYNAMIC_RECEIVER_NOT_EXPORTED_PERMISSION" />
54-->[androidx.core:core:1.9.0] AndroidManifest.xml:26:5-97
54-->[androidx.core:core:1.9.0] AndroidManifest.xml:26:22-94
55
56    <application
57        android:name="android.app.Application"
58        android:appComponentFactory="androidx.core.app.CoreComponentFactory"
58-->[androidx.core:core:1.9.0] AndroidManifest.xml:28:18-86
59        android:debuggable="true"
60        android:icon="@mipmap/ic_launcher"
61        android:label="blind_companion" >
62        <activity
63            android:name="com.example.blind_companion.MainActivity"
64            android:configChanges="orientation|keyboardHidden|keyboard|screenSize|smallestScreenSize|locale|layoutDirection|fontScale|screenLayout|density|uiMode"
65            android:exported="true"
66            android:hardwareAccelerated="true"
67            android:launchMode="singleTop"
68            android:theme="@style/LaunchTheme"
69            android:windowSoftInputMode="adjustResize" >
70
71            <!--
72                 Specifies an Android theme to apply to this Activity as soon as
73                 the Android process has started. This theme is visible to the user
74                 while the Flutter UI initializes. After that, this theme continues
75                 to determine the Window background behind the Flutter UI.
76            -->
77            <meta-data
78                android:name="io.flutter.embedding.android.NormalTheme"
79                android:resource="@style/NormalTheme" />
80
81            <intent-filter>
82                <action android:name="android.intent.action.MAIN" />
83
84                <category android:name="android.intent.category.LAUNCHER" />
85            </intent-filter>
86        </activity>
87        <!--
88             Don't delete the meta-data below.
89             This is used by the Flutter tool to generate GeneratedPluginRegistrant.java
90        -->
91        <meta-data
92            android:name="flutterEmbedding"
93            android:value="2" />
94        <meta-data
95            android:name="com.google.android.geo.API_KEY"
96            android:value="AIzaSyAeqThAPBANYOIgu-7Rfw7rtvXCJk2ER4c" />
97
98        <service
98-->[:geolocator_android] AndroidManifest.xml:12:9-16:56
99            android:name="com.baseflow.geolocator.GeolocatorLocationService"
99-->[:geolocator_android] AndroidManifest.xml:13:13-77
100            android:enabled="true"
100-->[:geolocator_android] AndroidManifest.xml:14:13-35
101            android:exported="false"
101-->[:geolocator_android] AndroidManifest.xml:15:13-37
102            android:foregroundServiceType="location" />
102-->[:geolocator_android] AndroidManifest.xml:16:13-53
103
104        <uses-library
104-->[androidx.window:window:1.0.0-beta04] AndroidManifest.xml:25:9-27:40
105            android:name="androidx.window.extensions"
105-->[androidx.window:window:1.0.0-beta04] AndroidManifest.xml:26:13-54
106            android:required="false" />
106-->[androidx.window:window:1.0.0-beta04] AndroidManifest.xml:27:13-37
107        <uses-library
107-->[androidx.window:window:1.0.0-beta04] AndroidManifest.xml:28:9-30:40
108            android:name="androidx.window.sidecar"
108-->[androidx.window:window:1.0.0-beta04] AndroidManifest.xml:29:13-51
109            android:required="false" /> <!-- Needs to be explicitly declared on P+ -->
109-->[androidx.window:window:1.0.0-beta04] AndroidManifest.xml:30:13-37
110        <uses-library
110-->[com.google.android.gms:play-services-maps:18.1.0] AndroidManifest.xml:39:9-41:40
111            android:name="org.apache.http.legacy"
111-->[com.google.android.gms:play-services-maps:18.1.0] AndroidManifest.xml:40:13-50
112            android:required="false" />
112-->[com.google.android.gms:play-services-maps:18.1.0] AndroidManifest.xml:41:13-37
113
114        <service
114-->[com.google.android.gms:play-services-mlkit-text-recognition-common:18.0.0] AndroidManifest.xml:9:9-15:19
115            android:name="com.google.mlkit.common.internal.MlKitComponentDiscoveryService"
115-->[com.google.android.gms:play-services-mlkit-text-recognition-common:18.0.0] AndroidManifest.xml:10:13-91
116            android:directBootAware="true"
116-->[com.google.mlkit:common:18.6.0] AndroidManifest.xml:17:13-43
117            android:exported="false" >
117-->[com.google.android.gms:play-services-mlkit-text-recognition-common:18.0.0] AndroidManifest.xml:11:13-37
118            <meta-data
118-->[com.google.android.gms:play-services-mlkit-text-recognition-common:18.0.0] AndroidManifest.xml:12:13-14:85
119                android:name="com.google.firebase.components:com.google.mlkit.vision.text.internal.TextRegistrar"
119-->[com.google.android.gms:play-services-mlkit-text-recognition-common:18.0.0] AndroidManifest.xml:13:17-114
120                android:value="com.google.firebase.components.ComponentRegistrar" />
120-->[com.google.android.gms:play-services-mlkit-text-recognition-common:18.0.0] AndroidManifest.xml:14:17-82
121            <meta-data
121-->[com.google.mlkit:vision-common:17.3.0] AndroidManifest.xml:12:13-14:85
122                android:name="com.google.firebase.components:com.google.mlkit.vision.common.internal.VisionCommonRegistrar"
122-->[com.google.mlkit:vision-common:17.3.0] AndroidManifest.xml:13:17-124
123                android:value="com.google.firebase.components.ComponentRegistrar" />
123-->[com.google.mlkit:vision-common:17.3.0] AndroidManifest.xml:14:17-82
124            <meta-data
124-->[com.google.mlkit:common:18.6.0] AndroidManifest.xml:20:13-22:85
125                android:name="com.google.firebase.components:com.google.mlkit.common.internal.CommonComponentRegistrar"
125-->[com.google.mlkit:common:18.6.0] AndroidManifest.xml:21:17-120
126                android:value="com.google.firebase.components.ComponentRegistrar" />
126-->[com.google.mlkit:common:18.6.0] AndroidManifest.xml:22:17-82
127        </service>
128
129        <provider
129-->[com.google.mlkit:common:18.6.0] AndroidManifest.xml:9:9-13:38
130            android:name="com.google.mlkit.common.internal.MlKitInitProvider"
130-->[com.google.mlkit:common:18.6.0] AndroidManifest.xml:10:13-78
131            android:authorities="com.example.blind_companion.mlkitinitprovider"
131-->[com.google.mlkit:common:18.6.0] AndroidManifest.xml:11:13-69
132            android:exported="false"
132-->[com.google.mlkit:common:18.6.0] AndroidManifest.xml:12:13-37
133            android:initOrder="99" />
133-->[com.google.mlkit:common:18.6.0] AndroidManifest.xml:13:13-35
134
135        <activity
135-->[com.google.android.gms:play-services-base:18.1.0] AndroidManifest.xml:20:9-22:45
136            android:name="com.google.android.gms.common.api.GoogleApiActivity"
136-->[com.google.android.gms:play-services-base:18.1.0] AndroidManifest.xml:20:19-85
137            android:exported="false"
137-->[com.google.android.gms:play-services-base:18.1.0] AndroidManifest.xml:22:19-43
138            android:theme="@android:style/Theme.Translucent.NoTitleBar" />
138-->[com.google.android.gms:play-services-base:18.1.0] AndroidManifest.xml:21:19-78
139
140        <meta-data
140-->[com.google.android.gms:play-services-basement:18.1.0] AndroidManifest.xml:21:9-23:69
141            android:name="com.google.android.gms.version"
141-->[com.google.android.gms:play-services-basement:18.1.0] AndroidManifest.xml:22:13-58
142            android:value="@integer/google_play_services_version" />
142-->[com.google.android.gms:play-services-basement:18.1.0] AndroidManifest.xml:23:13-66
143
144        <service
144-->[com.google.android.datatransport:transport-backend-cct:2.3.3] AndroidManifest.xml:29:9-35:19
145            android:name="com.google.android.datatransport.runtime.backends.TransportBackendDiscovery"
145-->[com.google.android.datatransport:transport-backend-cct:2.3.3] AndroidManifest.xml:30:13-103
146            android:exported="false" >
146-->[com.google.android.datatransport:transport-backend-cct:2.3.3] AndroidManifest.xml:31:13-37
147            <meta-data
147-->[com.google.android.datatransport:transport-backend-cct:2.3.3] AndroidManifest.xml:32:13-34:39
148                android:name="backend:com.google.android.datatransport.cct.CctBackendFactory"
148-->[com.google.android.datatransport:transport-backend-cct:2.3.3] AndroidManifest.xml:33:17-94
149                android:value="cct" />
149-->[com.google.android.datatransport:transport-backend-cct:2.3.3] AndroidManifest.xml:34:17-36
150        </service>
151        <service
151-->[com.google.android.datatransport:transport-runtime:2.2.6] AndroidManifest.xml:26:9-30:19
152            android:name="com.google.android.datatransport.runtime.scheduling.jobscheduling.JobInfoSchedulerService"
152-->[com.google.android.datatransport:transport-runtime:2.2.6] AndroidManifest.xml:27:13-117
153            android:exported="false"
153-->[com.google.android.datatransport:transport-runtime:2.2.6] AndroidManifest.xml:28:13-37
154            android:permission="android.permission.BIND_JOB_SERVICE" >
154-->[com.google.android.datatransport:transport-runtime:2.2.6] AndroidManifest.xml:29:13-69
155        </service>
156
157        <receiver
157-->[com.google.android.datatransport:transport-runtime:2.2.6] AndroidManifest.xml:32:9-34:40
158            android:name="com.google.android.datatransport.runtime.scheduling.jobscheduling.AlarmManagerSchedulerBroadcastReceiver"
158-->[com.google.android.datatransport:transport-runtime:2.2.6] AndroidManifest.xml:33:13-132
159            android:exported="false" />
159-->[com.google.android.datatransport:transport-runtime:2.2.6] AndroidManifest.xml:34:13-37
160    </application>
161
162</manifest>